<?xml version="1.0" encoding="UTF-8"?>
<testng-results ignored="0" total="1" passed="1" failed="0" skipped="0">
  <reporter-output>
  </reporter-output>
  <suite started-at="2022-04-30T12:38:56 EDT" name="Default suite" finished-at="2022-04-30T12:39:08 EDT" duration-ms="11786">
    <groups>
    </groups>
    <test started-at="2022-04-30T12:38:56 EDT" name="Default test" finished-at="2022-04-30T12:39:08 EDT" duration-ms="11786">
      <class name="com.google.testCases.facebook_SignUpPage_TC001">
        <test-method is-config="true" signature="beforeTest()[pri:0, instance:com.google.testCases.facebook_SignUpPage_TC001@7ea9e1e2]" started-at="2022-04-30T12:38:56 EDT" name="beforeTest" finished-at="2022-04-30T12:39:01 EDT" duration-ms="5105" status="PASS">
          <reporter-output>
          </reporter-output>
        </test-method> <!-- beforeTest -->
        <test-method signature="faceBookLogin()[pri:0, instance:com.google.testCases.facebook_SignUpPage_TC001@7ea9e1e2]" started-at="2022-04-30T12:39:01 EDT" name="faceBookLogin" finished-at="2022-04-30T12:39:08 EDT" duration-ms="6641" status="PASS">
          <reporter-output>
          </reporter-output>
        </test-method> <!-- faceBookLogin -->
        <test-method is-config="true" signature="afterTest()[pri:0, instance:com.google.testCases.facebook_SignUpPage_TC001@7ea9e1e2]" started-at="2022-04-30T12:39:08 EDT" name="afterTest" finished-at="2022-04-30T12:39:08 EDT" duration-ms="0" status="PASS">
          <reporter-output>
          </reporter-output>
        </test-method> <!-- afterTest -->
      </class> <!-- com.google.testCases.facebook_SignUpPage_TC001 -->
    </test> <!-- Default test -->
  </suite> <!-- Default suite -->
</testng-results>
